c:\users\david\desktop\universidad\2º\1er semestre\tda\graphapplication\x64\release\jpeglib.pdb
c:\users\david\desktop\universidad\2º\1er semestre\tda\graphapplication\jpeglib\x64\release\jdatadst.obj
c:\users\david\desktop\universidad\2º\1er semestre\tda\graphapplication\jpeglib\x64\release\jdapistd.obj
c:\users\david\desktop\universidad\2º\1er semestre\tda\graphapplication\jpeglib\x64\release\jdapimin.obj
c:\users\david\desktop\universidad\2º\1er semestre\tda\graphapplication\jpeglib\x64\release\jctrans.obj
c:\users\david\desktop\universidad\2º\1er semestre\tda\graphapplication\jpeglib\x64\release\jcsample.obj
c:\users\david\desktop\universidad\2º\1er semestre\tda\graphapplication\jpeglib\x64\release\jcprepct.obj
c:\users\david\desktop\universidad\2º\1er semestre\tda\graphapplication\jpeglib\x64\release\jcphuff.obj
c:\users\david\desktop\universidad\2º\1er semestre\tda\graphapplication\jpeglib\x64\release\jcparam.obj
c:\users\david\desktop\universidad\2º\1er semestre\tda\graphapplication\jpeglib\x64\release\jcomapi.obj
c:\users\david\desktop\universidad\2º\1er semestre\tda\graphapplication\jpeglib\x64\release\jcmaster.obj
c:\users\david\desktop\universidad\2º\1er semestre\tda\graphapplication\jpeglib\x64\release\jcmarker.obj
c:\users\david\desktop\universidad\2º\1er semestre\tda\graphapplication\jpeglib\x64\release\jcmainct.obj
c:\users\david\desktop\universidad\2º\1er semestre\tda\graphapplication\jpeglib\x64\release\jcinit.obj
c:\users\david\desktop\universidad\2º\1er semestre\tda\graphapplication\jpeglib\x64\release\jchuff.obj
c:\users\david\desktop\universidad\2º\1er semestre\tda\graphapplication\jpeglib\x64\release\jcdctmgr.obj
c:\users\david\desktop\universidad\2º\1er semestre\tda\graphapplication\jpeglib\x64\release\jccolor.obj
c:\users\david\desktop\universidad\2º\1er semestre\tda\graphapplication\jpeglib\x64\release\jccoefct.obj
c:\users\david\desktop\universidad\2º\1er semestre\tda\graphapplication\jpeglib\x64\release\jcapistd.obj
c:\users\david\desktop\universidad\2º\1er semestre\tda\graphapplication\jpeglib\x64\release\jcapimin.obj
c:\users\david\desktop\universidad\2º\1er semestre\tda\graphapplication\jpeglib\x64\release\djpeg.obj
c:\users\david\desktop\universidad\2º\1er semestre\tda\graphapplication\jpeglib\x64\release\jidctfst.obj
c:\users\david\desktop\universidad\2º\1er semestre\tda\graphapplication\jpeglib\x64\release\jidctflt.obj
c:\users\david\desktop\universidad\2º\1er semestre\tda\graphapplication\jpeglib\x64\release\jfdctint.obj
c:\users\david\desktop\universidad\2º\1er semestre\tda\graphapplication\jpeglib\x64\release\jfdctfst.obj
c:\users\david\desktop\universidad\2º\1er semestre\tda\graphapplication\jpeglib\x64\release\jfdctflt.obj
c:\users\david\desktop\universidad\2º\1er semestre\tda\graphapplication\jpeglib\x64\release\jerror.obj
c:\users\david\desktop\universidad\2º\1er semestre\tda\graphapplication\jpeglib\x64\release\jdtrans.obj
c:\users\david\desktop\universidad\2º\1er semestre\tda\graphapplication\jpeglib\x64\release\jdsample.obj
c:\users\david\desktop\universidad\2º\1er semestre\tda\graphapplication\jpeglib\x64\release\jdpostct.obj
c:\users\david\desktop\universidad\2º\1er semestre\tda\graphapplication\jpeglib\x64\release\jdphuff.obj
c:\users\david\desktop\universidad\2º\1er semestre\tda\graphapplication\jpeglib\x64\release\jdmerge.obj
c:\users\david\desktop\universidad\2º\1er semestre\tda\graphapplication\jpeglib\x64\release\jdmaster.obj
c:\users\david\desktop\universidad\2º\1er semestre\tda\graphapplication\jpeglib\x64\release\jdmarker.obj
c:\users\david\desktop\universidad\2º\1er semestre\tda\graphapplication\jpeglib\x64\release\jdmainct.obj
c:\users\david\desktop\universidad\2º\1er semestre\tda\graphapplication\jpeglib\x64\release\jdinput.obj
c:\users\david\desktop\universidad\2º\1er semestre\tda\graphapplication\jpeglib\x64\release\jdhuff.obj
c:\users\david\desktop\universidad\2º\1er semestre\tda\graphapplication\jpeglib\x64\release\jddctmgr.obj
c:\users\david\desktop\universidad\2º\1er semestre\tda\graphapplication\jpeglib\x64\release\jdcolor.obj
c:\users\david\desktop\universidad\2º\1er semestre\tda\graphapplication\jpeglib\x64\release\jdcoefct.obj
c:\users\david\desktop\universidad\2º\1er semestre\tda\graphapplication\jpeglib\x64\release\jdatasrc.obj
c:\users\david\desktop\universidad\2º\1er semestre\tda\graphapplication\jpeglib\x64\release\wrtarga.obj
c:\users\david\desktop\universidad\2º\1er semestre\tda\graphapplication\jpeglib\x64\release\wrrle.obj
c:\users\david\desktop\universidad\2º\1er semestre\tda\graphapplication\jpeglib\x64\release\wrppm.obj
c:\users\david\desktop\universidad\2º\1er semestre\tda\graphapplication\jpeglib\x64\release\wrgif.obj
c:\users\david\desktop\universidad\2º\1er semestre\tda\graphapplication\jpeglib\x64\release\wrbmp.obj
c:\users\david\desktop\universidad\2º\1er semestre\tda\graphapplication\jpeglib\x64\release\transupp.obj
c:\users\david\desktop\universidad\2º\1er semestre\tda\graphapplication\jpeglib\x64\release\rdtarga.obj
c:\users\david\desktop\universidad\2º\1er semestre\tda\graphapplication\jpeglib\x64\release\rdswitch.obj
c:\users\david\desktop\universidad\2º\1er semestre\tda\graphapplication\jpeglib\x64\release\rdrle.obj
c:\users\david\desktop\universidad\2º\1er semestre\tda\graphapplication\jpeglib\x64\release\rdppm.obj
c:\users\david\desktop\universidad\2º\1er semestre\tda\graphapplication\jpeglib\x64\release\rdgif.obj
c:\users\david\desktop\universidad\2º\1er semestre\tda\graphapplication\jpeglib\x64\release\rdcolmap.obj
c:\users\david\desktop\universidad\2º\1er semestre\tda\graphapplication\jpeglib\x64\release\rdbmp.obj
c:\users\david\desktop\universidad\2º\1er semestre\tda\graphapplication\jpeglib\x64\release\jutils.obj
c:\users\david\desktop\universidad\2º\1er semestre\tda\graphapplication\jpeglib\x64\release\jquant2.obj
c:\users\david\desktop\universidad\2º\1er semestre\tda\graphapplication\jpeglib\x64\release\jquant1.obj
c:\users\david\desktop\universidad\2º\1er semestre\tda\graphapplication\jpeglib\x64\release\jmemmgr.obj
c:\users\david\desktop\universidad\2º\1er semestre\tda\graphapplication\jpeglib\x64\release\jmemansi.obj
c:\users\david\desktop\universidad\2º\1er semestre\tda\graphapplication\jpeglib\x64\release\jidctred.obj
c:\users\david\desktop\universidad\2º\1er semestre\tda\graphapplication\jpeglib\x64\release\jidctint.obj
c:\users\david\desktop\universidad\2º\1er semestre\tda\graphapplication\x64\release\jpeglib.lib
c:\users\david\desktop\universidad\2º\1er semestre\tda\graphapplication\jpeglib\x64\release\jpeglib.tlog\cl.command.1.tlog
c:\users\david\desktop\universidad\2º\1er semestre\tda\graphapplication\jpeglib\x64\release\jpeglib.tlog\cl.items.tlog
c:\users\david\desktop\universidad\2º\1er semestre\tda\graphapplication\jpeglib\x64\release\jpeglib.tlog\cl.read.1.tlog
c:\users\david\desktop\universidad\2º\1er semestre\tda\graphapplication\jpeglib\x64\release\jpeglib.tlog\cl.write.1.tlog
c:\users\david\desktop\universidad\2º\1er semestre\tda\graphapplication\jpeglib\x64\release\jpeglib.tlog\lib-link.read.1.tlog
c:\users\david\desktop\universidad\2º\1er semestre\tda\graphapplication\jpeglib\x64\release\jpeglib.tlog\lib-link.write.1.tlog
c:\users\david\desktop\universidad\2º\1er semestre\tda\graphapplication\jpeglib\x64\release\jpeglib.tlog\lib.command.1.tlog
