c:\users\david\desktop\universidad\2º\1er semestre\tda\graphapplication\graphapplication\x64\release\graphapplication.pch
c:\users\david\desktop\universidad\2º\1er semestre\tda\graphapplication\graphapplication\x64\release\vc143.pdb
c:\users\david\desktop\universidad\2º\1er semestre\tda\graphapplication\graphapplication\x64\release\pch.obj
c:\users\david\desktop\universidad\2º\1er semestre\tda\graphapplication\graphapplication\x64\release\probabilistic.obj
c:\users\david\desktop\universidad\2º\1er semestre\tda\graphapplication\graphapplication\x64\release\logs.obj
c:\users\david\desktop\universidad\2º\1er semestre\tda\graphapplication\graphapplication\x64\release\greedy.obj
c:\users\david\desktop\universidad\2º\1er semestre\tda\graphapplication\graphapplication\x64\release\graphapplicationdlg.obj
c:\users\david\desktop\universidad\2º\1er semestre\tda\graphapplication\graphapplication\x64\release\graphapplication.obj
c:\users\david\desktop\universidad\2º\1er semestre\tda\graphapplication\graphapplication\x64\release\graph.obj
c:\users\david\desktop\universidad\2º\1er semestre\tda\graphapplication\graphapplication\x64\release\dynamicprogramming.obj
c:\users\david\desktop\universidad\2º\1er semestre\tda\graphapplication\graphapplication\x64\release\dijkstra.obj
c:\users\david\desktop\universidad\2º\1er semestre\tda\graphapplication\graphapplication\x64\release\cvisitsdimensionsdlg.obj
c:\users\david\desktop\universidad\2º\1er semestre\tda\graphapplication\graphapplication\x64\release\cvimage.obj
c:\users\david\desktop\universidad\2º\1er semestre\tda\graphapplication\graphapplication\x64\release\convexhull.obj
c:\users\david\desktop\universidad\2º\1er semestre\tda\graphapplication\graphapplication\x64\release\cgridgraphdlg.obj
c:\users\david\desktop\universidad\2º\1er semestre\tda\graphapplication\graphapplication\x64\release\cgraphdimensionsdlg.obj
c:\users\david\desktop\universidad\2º\1er semestre\tda\graphapplication\graphapplication\x64\release\cgraphctrl.obj
c:\users\david\desktop\universidad\2º\1er semestre\tda\graphapplication\graphapplication\x64\release\ceditvertexdlg.obj
c:\users\david\desktop\universidad\2º\1er semestre\tda\graphapplication\graphapplication\x64\release\ceditedgedlg.obj
c:\users\david\desktop\universidad\2º\1er semestre\tda\graphapplication\graphapplication\x64\release\branchandbound_inici_desti.obj
c:\users\david\desktop\universidad\2º\1er semestre\tda\graphapplication\graphapplication\x64\release\branchandbound.obj
c:\users\david\desktop\universidad\2º\1er semestre\tda\graphapplication\graphapplication\x64\release\backtracking_inici_desti.obj
c:\users\david\desktop\universidad\2º\1er semestre\tda\graphapplication\graphapplication\x64\release\backtracking.obj
c:\users\david\desktop\universidad\2º\1er semestre\tda\graphapplication\graphapplication\x64\release\spanningtreeprim.obj
c:\users\david\desktop\universidad\2º\1er semestre\tda\graphapplication\graphapplication\x64\release\spanningtreekruskal.obj
c:\users\david\desktop\universidad\2º\1er semestre\tda\graphapplication\graphapplication\x64\release\programaciodinamica_inici_desti.obj
c:\users\david\desktop\universidad\2º\1er semestre\tda\graphapplication\x64\release\graphapplication.exe
c:\users\david\desktop\universidad\2º\1er semestre\tda\graphapplication\graphapplication\x64\release\graphapplication.ipdb
c:\users\david\desktop\universidad\2º\1er semestre\tda\graphapplication\x64\release\graphapplication.pdb
c:\users\david\desktop\universidad\2º\1er semestre\tda\graphapplication\graphapplication\x64\release\graphapplication.iobj
c:\users\david\desktop\universidad\2º\1er semestre\tda\graphapplication\graphapplication\x64\release\graphapplication.res
c:\users\david\desktop\universidad\2º\1er semestre\tda\graphapplication\graphapplication\x64\release\graphapplication.tlog\cl.command.1.tlog
c:\users\david\desktop\universidad\2º\1er semestre\tda\graphapplication\graphapplication\x64\release\graphapplication.tlog\cl.items.tlog
c:\users\david\desktop\universidad\2º\1er semestre\tda\graphapplication\graphapplication\x64\release\graphapplication.tlog\cl.read.1.tlog
c:\users\david\desktop\universidad\2º\1er semestre\tda\graphapplication\graphapplication\x64\release\graphapplication.tlog\cl.write.1.tlog
c:\users\david\desktop\universidad\2º\1er semestre\tda\graphapplication\graphapplication\x64\release\graphapplication.tlog\link.command.1.tlog
c:\users\david\desktop\universidad\2º\1er semestre\tda\graphapplication\graphapplication\x64\release\graphapplication.tlog\link.read.1.tlog
c:\users\david\desktop\universidad\2º\1er semestre\tda\graphapplication\graphapplication\x64\release\graphapplication.tlog\link.write.1.tlog
c:\users\david\desktop\universidad\2º\1er semestre\tda\graphapplication\graphapplication\x64\release\graphapplication.tlog\rc.command.1.tlog
c:\users\david\desktop\universidad\2º\1er semestre\tda\graphapplication\graphapplication\x64\release\graphapplication.tlog\rc.read.1.tlog
c:\users\david\desktop\universidad\2º\1er semestre\tda\graphapplication\graphapplication\x64\release\graphapplication.tlog\rc.write.1.tlog
