  pch.cpp
  Backtracking.cpp
D:\Downloads\Trabajos\MatCAD\MATCAD\SEGUNDO\GraphApplication\GraphApplication\Backtracking.cpp(207,45): warning C4267: '=': conversión de 'size_t' a 'int'; posible pérdida de datos
  Backtracking_INICI_DESTI.cpp
  BranchAndBound.cpp
  BranchAndBound_INICI_DESTI.cpp
  CEditEdgeDlg.cpp
  CEditVertexDlg.cpp
  CGraphCtrl.cpp
D:\Downloads\Trabajos\MatCAD\MATCAD\SEGUNDO\GraphApplication\GraphApplication\CGraphCtrl.cpp(490,104): warning C4244: 'argumento': conversión de 'double' a 'int'; posible pérdida de datos
D:\Downloads\Trabajos\MatCAD\MATCAD\SEGUNDO\GraphApplication\GraphApplication\CGraphCtrl.cpp(490,76): warning C4244: 'argumento': conversión de 'double' a 'int'; posible pérdida de datos
D:\Downloads\Trabajos\MatCAD\MATCAD\SEGUNDO\GraphApplication\GraphApplication\CGraphCtrl.cpp(490,48): warning C4244: 'argumento': conversión de 'double' a 'int'; posible pérdida de datos
D:\Downloads\Trabajos\MatCAD\MATCAD\SEGUNDO\GraphApplication\GraphApplication\CGraphCtrl.cpp(490,22): warning C4244: 'argumento': conversión de 'double' a 'int'; posible pérdida de datos
D:\Downloads\Trabajos\MatCAD\MATCAD\SEGUNDO\GraphApplication\GraphApplication\CGraphCtrl.cpp(497,106): warning C4244: 'argumento': conversión de 'double' a 'int'; posible pérdida de datos
D:\Downloads\Trabajos\MatCAD\MATCAD\SEGUNDO\GraphApplication\GraphApplication\CGraphCtrl.cpp(497,78): warning C4244: 'argumento': conversión de 'double' a 'int'; posible pérdida de datos
D:\Downloads\Trabajos\MatCAD\MATCAD\SEGUNDO\GraphApplication\GraphApplication\CGraphCtrl.cpp(497,50): warning C4244: 'argumento': conversión de 'double' a 'int'; posible pérdida de datos
D:\Downloads\Trabajos\MatCAD\MATCAD\SEGUNDO\GraphApplication\GraphApplication\CGraphCtrl.cpp(497,22): warning C4244: 'argumento': conversión de 'double' a 'int'; posible pérdida de datos
D:\Downloads\Trabajos\MatCAD\MATCAD\SEGUNDO\GraphApplication\GraphApplication\CGraphCtrl.cpp(504,104): warning C4244: 'argumento': conversión de 'double' a 'int'; posible pérdida de datos
D:\Downloads\Trabajos\MatCAD\MATCAD\SEGUNDO\GraphApplication\GraphApplication\CGraphCtrl.cpp(504,76): warning C4244: 'argumento': conversión de 'double' a 'int'; posible pérdida de datos
D:\Downloads\Trabajos\MatCAD\MATCAD\SEGUNDO\GraphApplication\GraphApplication\CGraphCtrl.cpp(504,48): warning C4244: 'argumento': conversión de 'double' a 'int'; posible pérdida de datos
D:\Downloads\Trabajos\MatCAD\MATCAD\SEGUNDO\GraphApplication\GraphApplication\CGraphCtrl.cpp(504,20): warning C4244: 'argumento': conversión de 'double' a 'int'; posible pérdida de datos
  CGraphDimensionsDlg.cpp
  CGridGraphDlg.cpp
  ConvexHull.cpp
  CVImage.cpp
D:\Downloads\Trabajos\MatCAD\MATCAD\SEGUNDO\GraphApplication\GraphApplication\CVImage.cpp(230,20): warning C4018: '<': no coinciden signed/unsigned
D:\Downloads\Trabajos\MatCAD\MATCAD\SEGUNDO\GraphApplication\GraphApplication\CVImage.cpp(233,21): warning C4018: '<': no coinciden signed/unsigned
D:\Downloads\Trabajos\MatCAD\MATCAD\SEGUNDO\GraphApplication\GraphApplication\CVImage.cpp(1096,17): warning C4018: '<': no coinciden signed/unsigned
D:\Downloads\Trabajos\MatCAD\MATCAD\SEGUNDO\GraphApplication\GraphApplication\CVImage.cpp(1099,18): warning C4018: '<': no coinciden signed/unsigned
D:\Downloads\Trabajos\MatCAD\MATCAD\SEGUNDO\GraphApplication\GraphApplication\CVImage.cpp(1107,17): warning C4018: '<': no coinciden signed/unsigned
D:\Downloads\Trabajos\MatCAD\MATCAD\SEGUNDO\GraphApplication\GraphApplication\CVImage.cpp(1110,18): warning C4018: '<': no coinciden signed/unsigned
D:\Downloads\Trabajos\MatCAD\MATCAD\SEGUNDO\GraphApplication\GraphApplication\CVImage.cpp(1130,17): warning C4018: '<': no coinciden signed/unsigned
D:\Downloads\Trabajos\MatCAD\MATCAD\SEGUNDO\GraphApplication\GraphApplication\CVImage.cpp(1133,18): warning C4018: '<': no coinciden signed/unsigned
D:\Downloads\Trabajos\MatCAD\MATCAD\SEGUNDO\GraphApplication\GraphApplication\CVImage.cpp(1141,17): warning C4018: '<': no coinciden signed/unsigned
D:\Downloads\Trabajos\MatCAD\MATCAD\SEGUNDO\GraphApplication\GraphApplication\CVImage.cpp(1144,18): warning C4018: '<': no coinciden signed/unsigned
D:\Downloads\Trabajos\MatCAD\MATCAD\SEGUNDO\GraphApplication\GraphApplication\CVImage.cpp(1164,17): warning C4018: '<': no coinciden signed/unsigned
D:\Downloads\Trabajos\MatCAD\MATCAD\SEGUNDO\GraphApplication\GraphApplication\CVImage.cpp(1167,18): warning C4018: '<': no coinciden signed/unsigned
D:\Downloads\Trabajos\MatCAD\MATCAD\SEGUNDO\GraphApplication\GraphApplication\CVImage.cpp(1175,17): warning C4018: '<': no coinciden signed/unsigned
D:\Downloads\Trabajos\MatCAD\MATCAD\SEGUNDO\GraphApplication\GraphApplication\CVImage.cpp(1178,18): warning C4018: '<': no coinciden signed/unsigned
D:\Downloads\Trabajos\MatCAD\MATCAD\SEGUNDO\GraphApplication\GraphApplication\CVImage.cpp(1198,17): warning C4018: '<': no coinciden signed/unsigned
D:\Downloads\Trabajos\MatCAD\MATCAD\SEGUNDO\GraphApplication\GraphApplication\CVImage.cpp(1201,18): warning C4018: '<': no coinciden signed/unsigned
D:\Downloads\Trabajos\MatCAD\MATCAD\SEGUNDO\GraphApplication\GraphApplication\CVImage.cpp(1209,17): warning C4018: '<': no coinciden signed/unsigned
D:\Downloads\Trabajos\MatCAD\MATCAD\SEGUNDO\GraphApplication\GraphApplication\CVImage.cpp(1212,18): warning C4018: '<': no coinciden signed/unsigned
  CVisitsDimensionsDlg.cpp
  Dijkstra.cpp
  DynamicProgramming.cpp
  Graph.cpp
  GraphApplication.cpp
  GraphApplicationDlg.cpp
  Greedy.cpp
  Logs.cpp
  Probabilistic.cpp
D:\Downloads\Trabajos\MatCAD\MATCAD\SEGUNDO\GraphApplication\GraphApplication\Probabilistic.cpp(19,14): warning C4267: 'inicializando': conversión de 'size_t' a 'int'; posible pérdida de datos
D:\Downloads\Trabajos\MatCAD\MATCAD\SEGUNDO\GraphApplication\GraphApplication\Probabilistic.cpp(61,44): warning C4267: 'argumento': conversión de 'size_t' a '_Ty'; posible pérdida de datos
          with
          [
              _Ty=int
          ]
  Compilando...
  ProgramacioDinamica_INICI_DESTI.cpp
  SpanningTreeKruskal.cpp
  SpanningTreePrim.cpp
  Generando código
  2470 of 2496 functions (99.0%) were compiled, the rest were copied from previous compilation.
    64 functions were new in current compilation
    2 functions had inline decision re-evaluated but remain unchanged
  Generación de código finalizada
  GraphApplication.vcxproj -> D:\Downloads\Trabajos\MatCAD\MATCAD\SEGUNDO\GraphApplication\x64\Release\GraphApplication.exe
